;  LST file generated by mikroListExporter - v.2.0 
; Date/Time: 1/20/2024 3:46:11 AM
;----------------------------------------------

;Address Opcode 	ASM
0x0000	0x2B62      	GOTO       866
_interrupt:
0x0004	0x00FF      	MOVWF      R15
0x0005	0x0E03      	SWAPF      STATUS, 0
0x0006	0x0183      	CLRF       STATUS
0x0007	0x00AE      	MOVWF      ___saveSTATUS
0x0008	0x080A      	MOVF       PCLATH, 0
0x0009	0x00AD      	MOVWF      ___savePCLATH
0x000A	0x018A      	CLRF       PCLATH
0x000B	0x0870      	MOVF       R0, 0
0x000C	0x00A2      	MOVWF      34
0x000D	0x0871      	MOVF       R1, 0
0x000E	0x00A1      	MOVWF      33
;MyProject.c,25 :: 		void interrupt(void) {
;MyProject.c,26 :: 		if(INTCON&0x04) {
0x000F	0x1D0B      	BTFSS      INTCON, 2
0x0010	0x288D      	GOTO       L_interrupt0
;MyProject.c,27 :: 		TMR0=248;
0x0011	0x30F8      	MOVLW      248
0x0012	0x0081      	MOVWF      TMR0
;MyProject.c,28 :: 		if ((PORTB & 0x01) != bit_0) {
0x0013	0x3001      	MOVLW      1
0x0014	0x0506      	ANDWF      PORTB, 0
0x0015	0x00F1      	MOVWF      R1
0x0016	0x0871      	MOVF       R1, 0
0x0017	0x0625      	XORWF      _bit_0, 0
0x0018	0x1903      	BTFSC      STATUS, 2
0x0019	0x282B      	GOTO       L_interrupt1
;MyProject.c,29 :: 		if (!(PORTB & 0x01)) {
0x001A	0x1806      	BTFSC      PORTB, 0
0x001B	0x2823      	GOTO       L_interrupt2
;MyProject.c,31 :: 		PORTC &= ~(1 << 0);  // Clear RC0
0x001C	0x1007      	BCF        PORTC, 0
;MyProject.c,32 :: 		PORTC |= (1 << 5);   // Set RC5
0x001D	0x1687      	BSF        PORTC, 5
;MyProject.c,33 :: 		Dcntr--;
0x001E	0x3001      	MOVLW      1
0x001F	0x02A8      	SUBWF      _Dcntr, 1
0x0020	0x1C03      	BTFSS      STATUS, 0
0x0021	0x03A9      	DECF       _Dcntr+1, 1
;MyProject.c,34 :: 		} else {
0x0022	0x2828      	GOTO       L_interrupt3
L_interrupt2:
;MyProject.c,36 :: 		PORTC |= (1 << 0);   // Set RC0
0x0023	0x1407      	BSF        PORTC, 0
;MyProject.c,37 :: 		PORTC &= ~(1 << 5);  // Clear RC5
0x0024	0x1287      	BCF        PORTC, 5
;MyProject.c,38 :: 		Dcntr++;
0x0025	0x0AA8      	INCF       _Dcntr, 1
0x0026	0x1903      	BTFSC      STATUS, 2
0x0027	0x0AA9      	INCF       _Dcntr+1, 1
;MyProject.c,39 :: 		}
L_interrupt3:
;MyProject.c,40 :: 		bit_0 = PORTB & 0x01;
0x0028	0x3001      	MOVLW      1
0x0029	0x0506      	ANDWF      PORTB, 0
0x002A	0x00A5      	MOVWF      _bit_0
;MyProject.c,42 :: 		}
L_interrupt1:
;MyProject.c,43 :: 		if ((PORTB & 0x02) != bit_1) {
0x002B	0x3002      	MOVLW      2
0x002C	0x0506      	ANDWF      PORTB, 0
0x002D	0x00F1      	MOVWF      R1
0x002E	0x0871      	MOVF       R1, 0
0x002F	0x0627      	XORWF      _bit_1, 0
0x0030	0x1903      	BTFSC      STATUS, 2
0x0031	0x2843      	GOTO       L_interrupt4
;MyProject.c,44 :: 		if (!(PORTB & 0x02)) {
0x0032	0x1886      	BTFSC      PORTB, 1
0x0033	0x283B      	GOTO       L_interrupt5
;MyProject.c,46 :: 		PORTC &= ~(1 << 1);  // Clear RC1
0x0034	0x1087      	BCF        PORTC, 1
;MyProject.c,47 :: 		PORTC |= (1 << 6);   // Set RC6
0x0035	0x1707      	BSF        PORTC, 6
;MyProject.c,48 :: 		Dcntr--;
0x0036	0x3001      	MOVLW      1
0x0037	0x02A8      	SUBWF      _Dcntr, 1
0x0038	0x1C03      	BTFSS      STATUS, 0
0x0039	0x03A9      	DECF       _Dcntr+1, 1
;MyProject.c,49 :: 		} else {
0x003A	0x2840      	GOTO       L_interrupt6
L_interrupt5:
;MyProject.c,51 :: 		PORTC |= (1 << 1);   // Set RC1
0x003B	0x1487      	BSF        PORTC, 1
;MyProject.c,52 :: 		PORTC &= ~(1 << 6);  // Clear RC6
0x003C	0x1307      	BCF        PORTC, 6
;MyProject.c,53 :: 		Dcntr++;
0x003D	0x0AA8      	INCF       _Dcntr, 1
0x003E	0x1903      	BTFSC      STATUS, 2
0x003F	0x0AA9      	INCF       _Dcntr+1, 1
;MyProject.c,54 :: 		}
L_interrupt6:
;MyProject.c,55 :: 		bit_1 = PORTB & 0x02;
0x0040	0x3002      	MOVLW      2
0x0041	0x0506      	ANDWF      PORTB, 0
0x0042	0x00A7      	MOVWF      _bit_1
;MyProject.c,57 :: 		}
L_interrupt4:
;MyProject.c,58 :: 		if ((PORTB & 0x04) != bit_2) {
0x0043	0x3004      	MOVLW      4
0x0044	0x0506      	ANDWF      PORTB, 0
0x0045	0x00F1      	MOVWF      R1
0x0046	0x0871      	MOVF       R1, 0
0x0047	0x0626      	XORWF      _bit_2, 0
0x0048	0x1903      	BTFSC      STATUS, 2
0x0049	0x285B      	GOTO       L_interrupt7
;MyProject.c,59 :: 		if (!(PORTB & 0x04)) {
0x004A	0x1906      	BTFSC      PORTB, 2
0x004B	0x2853      	GOTO       L_interrupt8
;MyProject.c,61 :: 		PORTC &= ~(1 << 2);  // Clear RC2
0x004C	0x1107      	BCF        PORTC, 2
;MyProject.c,62 :: 		PORTC |= (1 << 7);   // Set RC7
0x004D	0x1787      	BSF        PORTC, 7
;MyProject.c,63 :: 		Dcntr--;
0x004E	0x3001      	MOVLW      1
0x004F	0x02A8      	SUBWF      _Dcntr, 1
0x0050	0x1C03      	BTFSS      STATUS, 0
0x0051	0x03A9      	DECF       _Dcntr+1, 1
;MyProject.c,64 :: 		} else {
0x0052	0x2858      	GOTO       L_interrupt9
L_interrupt8:
;MyProject.c,66 :: 		PORTC |= (1 << 2);   // Set RC2
0x0053	0x1507      	BSF        PORTC, 2
;MyProject.c,67 :: 		PORTC &= ~(1 << 7);  // Clear RC7
0x0054	0x1387      	BCF        PORTC, 7
;MyProject.c,68 :: 		Dcntr++;
0x0055	0x0AA8      	INCF       _Dcntr, 1
0x0056	0x1903      	BTFSC      STATUS, 2
0x0057	0x0AA9      	INCF       _Dcntr+1, 1
;MyProject.c,69 :: 		}
L_interrupt9:
;MyProject.c,70 :: 		bit_2 = PORTB & 0x04;
0x0058	0x3004      	MOVLW      4
0x0059	0x0506      	ANDWF      PORTB, 0
0x005A	0x00A6      	MOVWF      _bit_2
;MyProject.c,72 :: 		}
L_interrupt7:
;MyProject.c,73 :: 		if ((PORTB & 0x08) != bit_3) {
0x005B	0x3008      	MOVLW      8
0x005C	0x0506      	ANDWF      PORTB, 0
0x005D	0x00F1      	MOVWF      R1
0x005E	0x0871      	MOVF       R1, 0
0x005F	0x0624      	XORWF      _bit_3, 0
0x0060	0x1903      	BTFSC      STATUS, 2
0x0061	0x2873      	GOTO       L_interrupt10
;MyProject.c,74 :: 		if (!(PORTB & 0x08)) {
0x0062	0x1986      	BTFSC      PORTB, 3
0x0063	0x286B      	GOTO       L_interrupt11
;MyProject.c,76 :: 		PORTC &= ~(1 << 3);  // Clear RC3
0x0064	0x1187      	BCF        PORTC, 3
;MyProject.c,77 :: 		PORTD |= (1 << 0);   // Set RD0
0x0065	0x1408      	BSF        PORTD, 0
;MyProject.c,78 :: 		Dcntr--;
0x0066	0x3001      	MOVLW      1
0x0067	0x02A8      	SUBWF      _Dcntr, 1
0x0068	0x1C03      	BTFSS      STATUS, 0
0x0069	0x03A9      	DECF       _Dcntr+1, 1
;MyProject.c,79 :: 		} else {
0x006A	0x2870      	GOTO       L_interrupt12
L_interrupt11:
;MyProject.c,81 :: 		PORTC |= (1 << 3);   // Set RC3
0x006B	0x1587      	BSF        PORTC, 3
;MyProject.c,82 :: 		PORTD &= ~(1 << 0);  // Clear RD0
0x006C	0x1008      	BCF        PORTD, 0
;MyProject.c,83 :: 		Dcntr++;
0x006D	0x0AA8      	INCF       _Dcntr, 1
0x006E	0x1903      	BTFSC      STATUS, 2
0x006F	0x0AA9      	INCF       _Dcntr+1, 1
;MyProject.c,84 :: 		}
L_interrupt12:
;MyProject.c,85 :: 		bit_3 = PORTB & 0x08;
0x0070	0x3008      	MOVLW      8
0x0071	0x0506      	ANDWF      PORTB, 0
0x0072	0x00A4      	MOVWF      _bit_3
;MyProject.c,87 :: 		}
L_interrupt10:
;MyProject.c,88 :: 		if ((PORTB & 0x10) != bit_4) {
0x0073	0x3010      	MOVLW      16
0x0074	0x0506      	ANDWF      PORTB, 0
0x0075	0x00F1      	MOVWF      R1
0x0076	0x0871      	MOVF       R1, 0
0x0077	0x0623      	XORWF      _bit_4, 0
0x0078	0x1903      	BTFSC      STATUS, 2
0x0079	0x288B      	GOTO       L_interrupt13
;MyProject.c,89 :: 		if (!(PORTB & 0x10)) {
0x007A	0x1A06      	BTFSC      PORTB, 4
0x007B	0x2883      	GOTO       L_interrupt14
;MyProject.c,91 :: 		PORTC &= ~(1 << 4);  // Clear RC4
0x007C	0x1207      	BCF        PORTC, 4
;MyProject.c,92 :: 		PORTD |= (1 << 1);   // Set RD1
0x007D	0x1488      	BSF        PORTD, 1
;MyProject.c,93 :: 		Dcntr--;
0x007E	0x3001      	MOVLW      1
0x007F	0x02A8      	SUBWF      _Dcntr, 1
0x0080	0x1C03      	BTFSS      STATUS, 0
0x0081	0x03A9      	DECF       _Dcntr+1, 1
;MyProject.c,94 :: 		} else {
0x0082	0x2888      	GOTO       L_interrupt15
L_interrupt14:
;MyProject.c,96 :: 		PORTC |= (1 << 4);   // Set RC4
0x0083	0x1607      	BSF        PORTC, 4
;MyProject.c,97 :: 		PORTD &= ~(1 << 1);  // Clear RD1
0x0084	0x1088      	BCF        PORTD, 1
;MyProject.c,98 :: 		Dcntr++;
0x0085	0x0AA8      	INCF       _Dcntr, 1
0x0086	0x1903      	BTFSC      STATUS, 2
0x0087	0x0AA9      	INCF       _Dcntr+1, 1
;MyProject.c,99 :: 		}
L_interrupt15:
;MyProject.c,100 :: 		bit_4 = PORTB & 0x10;
0x0088	0x3010      	MOVLW      16
0x0089	0x0506      	ANDWF      PORTB, 0
0x008A	0x00A3      	MOVWF      _bit_4
;MyProject.c,102 :: 		}
L_interrupt13:
;MyProject.c,104 :: 		INTCON = INTCON & 0xFB;// Clear interrupt flag
0x008B	0x30FB      	MOVLW      251
0x008C	0x058B      	ANDWF      INTCON, 1
;MyProject.c,105 :: 		}
L_interrupt0:
;MyProject.c,106 :: 		}
L_end_interrupt:
L__interrupt57:
0x008D	0x0822      	MOVF       34, 0
0x008E	0x00F0      	MOVWF      R0
0x008F	0x0821      	MOVF       33, 0
0x0090	0x00F1      	MOVWF      R1
0x0091	0x082D      	MOVF       ___savePCLATH, 0
0x0092	0x008A      	MOVWF      PCLATH
0x0093	0x0E2E      	SWAPF      ___saveSTATUS, 0
0x0094	0x0083      	MOVWF      STATUS
0x0095	0x0EFF      	SWAPF      R15, 1
0x0096	0x0E7F      	SWAPF      R15, 0
0x0097	0x0009      	RETFIE
; end of _interrupt
_RES032:
;__Lib_MathDouble.c,123 :: 		
;__Lib_MathDouble.c,128 :: 		
0x0098	0x01F2      	CLRF       R2
;__Lib_MathDouble.c,129 :: 		
0x0099	0x01F1      	CLRF       R1
;__Lib_MathDouble.c,130 :: 		
0x009A	0x01F0      	CLRF       R0
;__Lib_MathDouble.c,131 :: 		
0x009B	0x01F8      	CLRF       R8
;__Lib_MathDouble.c,132 :: 		
0x009C	0x01F3      	CLRF       R3
;__Lib_MathDouble.c,133 :: 		
0x009D	0x3000      	MOVLW      0
;__Lib_MathDouble.c,135 :: 		
L_end_RES032:
0x009E	0x0008      	RETURN
; end of _RES032
_SETFUN32:
;__Lib_MathDouble.c,138 :: 		
;__Lib_MathDouble.c,145 :: 		
0x009F	0x157B      	BSF        R11, 2
;__Lib_MathDouble.c,146 :: 		
0x00A0	0x1FFB      	BTFSS      R11, 7
;__Lib_MathDouble.c,147 :: 		
0x00A1	0x28A9      	GOTO       SETFUN32EEE
;__Lib_MathDouble.c,148 :: 		
0x00A2	0x3001      	MOVLW      1
;__Lib_MathDouble.c,149 :: 		
0x00A3	0x00F3      	MOVWF      R3
;__Lib_MathDouble.c,150 :: 		
0x00A4	0x01F2      	CLRF       R2
;__Lib_MathDouble.c,151 :: 		
0x00A5	0x01F1      	CLRF       R1
;__Lib_MathDouble.c,152 :: 		
0x00A6	0x01F0      	CLRF       R0
;__Lib_MathDouble.c,153 :: 		
0x00A7	0x0DFA      	RLF        R10, 1
;__Lib_MathDouble.c,154 :: 		
0x00A8	0x0CF2      	RRF        R2, 1
;__Lib_MathDouble.c,155 :: 		
SETFUN32EEE:
;__Lib_MathDouble.c,156 :: 		
0x00A9	0x30FF      	MOVLW      255
;__Lib_MathDouble.c,158 :: 		
L_end_SETFUN32:
0x00AA	0x0008      	RETURN
; end of _SETFUN32
_FIXSIGN32:
;__Lib_MathDouble.c,112 :: 		
;__Lib_MathDouble.c,116 :: 		
0x00AB	0x1FFA      	BTFSS      R10, 7
;__Lib_MathDouble.c,117 :: 		
0x00AC	0x13F2      	BCF        R2, 7
;__Lib_MathDouble.c,118 :: 		
0x00AD	0x3000      	MOVLW      0
;__Lib_MathDouble.c,120 :: 		
L_end_FIXSIGN32:
0x00AE	0x0008      	RETURN
; end of _FIXSIGN32
_SETFDZ32:
;__Lib_MathDouble.c,102 :: 		
;__Lib_MathDouble.c,105 :: 		
0x00AF	0x15FB      	BSF        R11, 3
;__Lib_MathDouble.c,106 :: 		
0x00B0	0x30FF      	MOVLW      255
;__Lib_MathDouble.c,108 :: 		
L_end_SETFDZ32:
0x00B1	0x0008      	RETURN
; end of _SETFDZ32
_SETIOV3224:
;__Lib_MathDouble.c,1000 :: 		
;__Lib_MathDouble.c,1006 :: 		
0x00B2	0x147B      	BSF        R11, 0
;__Lib_MathDouble.c,1007 :: 		
0x00B3	0x1FFB      	BTFSS      R11, 7
;__Lib_MathDouble.c,1008 :: 		
0x00B4	0x28BD      	GOTO       SETIOV3224EEE
;__Lib_MathDouble.c,1010 :: 		
0x00B5	0x01F2      	CLRF       R2
;__Lib_MathDouble.c,1011 :: 		
0x00B6	0x1FFA      	BTFSS      R10, 7
;__Lib_MathDouble.c,1012 :: 		
0x00B7	0x30FF      	MOVLW      255
;__Lib_MathDouble.c,1013 :: 		
0x00B8	0x00F2      	MOVWF      R2
;__Lib_MathDouble.c,1014 :: 		
0x00B9	0x00F1      	MOVWF      R1
;__Lib_MathDouble.c,1015 :: 		
0x00BA	0x00F0      	MOVWF      R0
;__Lib_MathDouble.c,1016 :: 		
0x00BB	0x0DFA      	RLF        R10, 1
;__Lib_MathDouble.c,1017 :: 		
0x00BC	0x0CF2      	RRF        R2, 1
;__Lib_MathDouble.c,1018 :: 		
SETIOV3224EEE:
;__Lib_MathDouble.c,1019 :: 		
0x00BD	0x30FF      	MOVLW      255
;__Lib_MathDouble.c,1021 :: 		
L_end_SETIOV3224:
0x00BE	0x0008      	RETURN
; end of _SETIOV3224
_NRM3232:
;__Lib_MathDouble.c,167 :: 		
;__Lib_MathDouble.c,173 :: 		
;__Lib_MathDouble.c,175 :: 		
0x00BF	0x01A0      	CLRF       __math_tempbD
;__Lib_MathDouble.c,176 :: 		
0x00C0	0x0872      	MOVF       R2, 0
;__Lib_MathDouble.c,177 :: 		
0x00C1	0x1D03      	BTFSS      STATUS, 2
;__Lib_MathDouble.c,178 :: 		
0x00C2	0x28D4      	GOTO       NORM3232
;__Lib_MathDouble.c,179 :: 		
0x00C3	0x0871      	MOVF       R1, 0
;__Lib_MathDouble.c,180 :: 		
0x00C4	0x00F2      	MOVWF      R2
;__Lib_MathDouble.c,181 :: 		
0x00C5	0x0870      	MOVF       R0, 0
;__Lib_MathDouble.c,182 :: 		
0x00C6	0x00F1      	MOVWF      R1
;__Lib_MathDouble.c,183 :: 		
0x00C7	0x01F0      	CLRF       R0
;__Lib_MathDouble.c,184 :: 		
0x00C8	0x15A0      	BSF        __math_tempbD, 3
;__Lib_MathDouble.c,186 :: 		
0x00C9	0x0872      	MOVF       R2, 0
;__Lib_MathDouble.c,187 :: 		
0x00CA	0x1D03      	BTFSS      STATUS, 2
;__Lib_MathDouble.c,188 :: 		
0x00CB	0x28D4      	GOTO       NORM3232
;__Lib_MathDouble.c,189 :: 		
0x00CC	0x0871      	MOVF       R1, 0
;__Lib_MathDouble.c,190 :: 		
0x00CD	0x00F2      	MOVWF      R2
;__Lib_MathDouble.c,191 :: 		
0x00CE	0x01F1      	CLRF       R1
;__Lib_MathDouble.c,192 :: 		
0x00CF	0x11A0      	BCF        __math_tempbD, 3
;__Lib_MathDouble.c,193 :: 		
0x00D0	0x1620      	BSF        __math_tempbD, 4
;__Lib_MathDouble.c,195 :: 		
0x00D1	0x0872      	MOVF       R2, 0
;__Lib_MathDouble.c,196 :: 		
0x00D2	0x1903      	BTFSC      STATUS, 2
;__Lib_MathDouble.c,197 :: 		
0x00D3	0x28E2      	GOTO       JPNRES032
;__Lib_MathDouble.c,198 :: 		
NORM3232:
;__Lib_MathDouble.c,199 :: 		
0x00D4	0x0820      	MOVF       __math_tempbD, 0
;__Lib_MathDouble.c,200 :: 		
0x00D5	0x02F3      	SUBWF      R3, 1
;__Lib_MathDouble.c,201 :: 		
0x00D6	0x1D03      	BTFSS      STATUS, 2
;__Lib_MathDouble.c,202 :: 		
0x00D7	0x1C03      	BTFSS      STATUS, 0
;__Lib_MathDouble.c,203 :: 		
0x00D8	0x28E6      	GOTO       JPNSETFUN32
;__Lib_MathDouble.c,204 :: 		
0x00D9	0x1003      	BCF        STATUS, 0
;__Lib_MathDouble.c,205 :: 		
NORM3232A:
;__Lib_MathDouble.c,206 :: 		
0x00DA	0x1BF2      	BTFSC      R2, 7
;__Lib_MathDouble.c,207 :: 		
0x00DB	0x28EA      	GOTO       JMPNFIXSIGN32
;__Lib_MathDouble.c,208 :: 		
0x00DC	0x0DF0      	RLF        R0, 1
;__Lib_MathDouble.c,209 :: 		
0x00DD	0x0DF1      	RLF        R1, 1
;__Lib_MathDouble.c,210 :: 		
0x00DE	0x0DF2      	RLF        R2, 1
;__Lib_MathDouble.c,211 :: 		
0x00DF	0x0BF3      	DECFSZ     R3, 1
;__Lib_MathDouble.c,212 :: 		
0x00E0	0x28DA      	GOTO       NORM3232A
;__Lib_MathDouble.c,213 :: 		
0x00E1	0x28E6      	GOTO       JPNSETFUN32
;__Lib_MathDouble.c,214 :: 		
JPNRES032:
;__Lib_MathDouble.c,215 :: 		
0x00E2	0x3001      	MOVLW      1
;__Lib_MathDouble.c,216 :: 		
0x00E3	0x00FC      	MOVWF      R12
;__Lib_MathDouble.c,218 :: 		
0x00E4	0x2098      	CALL       _RES032
;__Lib_MathDouble.c,220 :: 		
0x00E5	0x28ED      	GOTO       NORM32EEE
;__Lib_MathDouble.c,221 :: 		
JPNSETFUN32:
;__Lib_MathDouble.c,222 :: 		
0x00E6	0x3002      	MOVLW      2
;__Lib_MathDouble.c,223 :: 		
0x00E7	0x00FC      	MOVWF      R12
;__Lib_MathDouble.c,225 :: 		
0x00E8	0x209F      	CALL       _SETFUN32
;__Lib_MathDouble.c,227 :: 		
0x00E9	0x28ED      	GOTO       NORM32EEE
;__Lib_MathDouble.c,228 :: 		
JMPNFIXSIGN32:
;__Lib_MathDouble.c,229 :: 		
0x00EA	0x3004      	MOVLW      4
;__Lib_MathDouble.c,230 :: 		
0x00EB	0x00FC      	MOVWF      R12
;__Lib_MathDouble.c,232 :: 		
0x00EC	0x20AB      	CALL       _FIXSIGN32
;__Lib_MathDouble.c,234 :: 		
NORM32EEE:
;__Lib_MathDouble.c,236 :: 		
L_end_NRM3232:
0x00ED	0x0008      	RETURN
; end of _NRM3232
_SETFOV32:
;__Lib_MathDouble.c,79 :: 		
;__Lib_MathDouble.c,86 :: 		
0x00EE	0x14FB      	BSF        R11, 1
;__Lib_MathDouble.c,87 :: 		
0x00EF	0x1FFB      	BTFSS      R11, 7
;__Lib_MathDouble.c,88 :: 		
0x00F0	0x28F8      	GOTO       SETFOV32EEE
;__Lib_MathDouble.c,89 :: 		
0x00F1	0x30FF      	MOVLW      255
;__Lib_MathDouble.c,90 :: 		
0x00F2	0x00F3      	MOVWF      R3
;__Lib_MathDouble.c,91 :: 		
0x00F3	0x00F2      	MOVWF      R2
;__Lib_MathDouble.c,92 :: 		
0x00F4	0x00F1      	MOVWF      R1
;__Lib_MathDouble.c,93 :: 		
0x00F5	0x00F0      	MOVWF      R0
;__Lib_MathDouble.c,94 :: 		
0x00F6	0x0DFA      	RLF        R10, 1
;__Lib_MathDouble.c,95 :: 		
0x00F7	0x0CF2      	RRF        R2, 1
;__Lib_MathDouble.c,96 :: 		
SETFOV32EEE:
;__Lib_MathDouble.c,97 :: 		
0x00F8	0x30FF      	MOVLW      255
;__Lib_MathDouble.c,99 :: 		
L_end_SETFOV32:
0x00F9	0x0008      	RETURN
; end of _SETFOV32
_word2double:
;__Lib_MathDouble.c,1862 :: 		
;__Lib_MathDouble.c,1868 :: 		
0x00FA	0x1283      	BCF        STATUS, 5
;__Lib_MathDouble.c,1869 :: 		
0x00FB	0x1303      	BCF        STATUS, 6
;__Lib_MathDouble.c,1870 :: 		
0x00FC	0x0870      	MOVF       R0, 0
;__Lib_MathDouble.c,1871 :: 		
0x00FD	0x00F8      	MOVWF      R8
;__Lib_MathDouble.c,1872 :: 		
0x00FE	0x0871      	MOVF       R1, 0
;__Lib_MathDouble.c,1873 :: 		
0x00FF	0x00F0      	MOVWF      R0
;__Lib_MathDouble.c,1874 :: 		
0x0100	0x01F1      	CLRF       R1
;__Lib_MathDouble.c,1875 :: 		
0x0101	0x01F2      	CLRF       R2
;__Lib_MathDouble.c,1876 :: 		
0x0102	0x01F3      	CLRF       R3
;__Lib_MathDouble.c,1879 :: 		
0x0103	0x01FB      	CLRF       R11
;__Lib_MathDouble.c,1880 :: 		
0x0104	0x01FC      	CLRF       R12
;__Lib_MathDouble.c,1882 :: 		
0x0105	0x3096      	MOVLW      150
;__Lib_MathDouble.c,1883 :: 		
0x0106	0x00F3      	MOVWF      R3
;__Lib_MathDouble.c,1884 :: 		
0x0107	0x01FA      	CLRF       R10
;__Lib_MathDouble.c,1886 :: 		
0x0108	0x0870      	MOVF       R0, 0
;__Lib_MathDouble.c,1887 :: 		
0x0109	0x00F1      	MOVWF      R1
;__Lib_MathDouble.c,1888 :: 		
0x010A	0x0878      	MOVF       R8, 0
;__Lib_MathDouble.c,1889 :: 		
0x010B	0x00F0      	MOVWF      R0
;__Lib_MathDouble.c,1890 :: 		
0x010C	0x01F8      	CLRF       R8
;__Lib_MathDouble.c,1891 :: 		
0x010D	0x01F2      	CLRF       R2
;__Lib_MathDouble.c,1893 :: 		
0x010E	0x20BF      	CALL       _NRM3232
;__Lib_MathDouble.c,1894 :: 		
L_end_word2double:
0x010F	0x0008      	RETURN
; end of _word2double
_usDelay:
;MyProject.c,164 :: 		void usDelay(unsigned int usCnt)
;MyProject.c,166 :: 		unsigned int us=0;
0x0110	0x1283      	BCF        STATUS, 5
0x0111	0x1303      	BCF        STATUS, 6
0x0112	0x01B1      	CLRF       usDelay_us_L0
0x0113	0x01B2      	CLRF       usDelay_us_L0+1
;MyProject.c,168 :: 		for(us=0;us<usCnt;us++)
0x0114	0x01B1      	CLRF       usDelay_us_L0
0x0115	0x01B2      	CLRF       usDelay_us_L0+1
L_usDelay26:
0x0116	0x0830      	MOVF       FARG_usDelay_usCnt+1, 0
0x0117	0x0232      	SUBWF      usDelay_us_L0+1, 0
0x0118	0x1D03      	BTFSS      STATUS, 2
0x0119	0x291C      	GOTO       L__usDelay65
0x011A	0x082F      	MOVF       FARG_usDelay_usCnt, 0
0x011B	0x0231      	SUBWF      usDelay_us_L0, 0
L__usDelay65:
0x011C	0x1803      	BTFSC      STATUS, 0
0x011D	0x2924      	GOTO       L_usDelay27
;MyProject.c,170 :: 		asm NOP;//0.5 uS
0x011E	0x0000      	NOP
;MyProject.c,171 :: 		asm NOP;//0.5uS
0x011F	0x0000      	NOP
;MyProject.c,168 :: 		for(us=0;us<usCnt;us++)
0x0120	0x0AB1      	INCF       usDelay_us_L0, 1
0x0121	0x1903      	BTFSC      STATUS, 2
0x0122	0x0AB2      	INCF       usDelay_us_L0+1, 1
;MyProject.c,172 :: 		}
0x0123	0x2916      	GOTO       L_usDelay26
L_usDelay27:
;MyProject.c,173 :: 		}
L_end_usDelay:
0x0124	0x0008      	RETURN
; end of _usDelay
_Div_32x32_FP:
;__Lib_MathDouble.c,761 :: 		
;__Lib_MathDouble.c,773 :: 		
;__Lib_MathDouble.c,776 :: 		
0x0125	0x1283      	BCF        STATUS, 5
0x0126	0x1303      	BCF        STATUS, 6
0x0127	0x0874      	MOVF       R4, 0
0x0128	0x3A00      	XORLW      0
0x0129	0x1D03      	BTFSS      STATUS, 2
0x012A	0x2940      	GOTO       L_Div_32x32_FP7
;__Lib_MathDouble.c,777 :: 		
0x012B	0x0875      	MOVF       R5, 0
0x012C	0x3A00      	XORLW      0
0x012D	0x1D03      	BTFSS      STATUS, 2
0x012E	0x2940      	GOTO       L_Div_32x32_FP8
;__Lib_MathDouble.c,778 :: 		
0x012F	0x0876      	MOVF       R6, 0
0x0130	0x3A00      	XORLW      0
0x0131	0x1D03      	BTFSS      STATUS, 2
0x0132	0x2940      	GOTO       L_Div_32x32_FP9
;__Lib_MathDouble.c,779 :: 		
0x0133	0x0877      	MOVF       R7, 0
0x0134	0x3A00      	XORLW      0
0x0135	0x1D03      	BTFSS      STATUS, 2
0x0136	0x2940      	GOTO       L_Div_32x32_FP10
;__Lib_MathDouble.c,780 :: 		
0x0137	0x30FF      	MOVLW      255
0x0138	0x00F0      	MOVWF      R0
;__Lib_MathDouble.c,781 :: 		
0x0139	0x30FF      	MOVLW      255
0x013A	0x00F1      	MOVWF      R1
;__Lib_MathDouble.c,782 :: 		
0x013B	0x307F      	MOVLW      127
0x013C	0x00F2      	MOVWF      R2
;__Lib_MathDouble.c,783 :: 		
0x013D	0x30FF      	MOVLW      255
0x013E	0x00F3      	MOVWF      R3
;__Lib_MathDouble.c,784 :: 		
0x013F	0x29DB      	GOTO       L_end_Div_32x32_FP
;__Lib_MathDouble.c,785 :: 		
L_Div_32x32_FP10:
L_Div_32x32_FP9:
L_Div_32x32_FP8:
L_Div_32x32_FP7:
;__Lib_MathDouble.c,788 :: 		
0x0140	0x1283      	BCF        STATUS, 5
;__Lib_MathDouble.c,789 :: 		
0x0141	0x1303      	BCF        STATUS, 6
;__Lib_MathDouble.c,791 :: 		
0x0142	0x0877      	MOVF       R7, 0
;__Lib_MathDouble.c,792 :: 		
0x0143	0x1903      	BTFSC      STATUS, 2
;__Lib_MathDouble.c,793 :: 		
0x0144	0x29CF      	GOTO       JPDSETFDZ32
;__Lib_MathDouble.c,795 :: 		
0x0145	0x0873      	MOVF       R3, 0
;__Lib_MathDouble.c,796 :: 		
0x0146	0x1903      	BTFSC      STATUS, 2
;__Lib_MathDouble.c,797 :: 		
0x0147	0x29D2      	GOTO       JPDRES032
;__Lib_MathDouble.c,799 :: 		
0x0148	0x0872      	MOVF       R2, 0
;__Lib_MathDouble.c,800 :: 		
0x0149	0x0676      	XORWF      R6, 0
;__Lib_MathDouble.c,801 :: 		
0x014A	0x3980      	ANDLW      128
;__Lib_MathDouble.c,802 :: 		
0x014B	0x00FA      	MOVWF      R10
;__Lib_MathDouble.c,803 :: 		
0x014C	0x17F2      	BSF        R2, 7
;__Lib_MathDouble.c,804 :: 		
0x014D	0x17F6      	BSF        R6, 7
;__Lib_MathDouble.c,806 :: 		
0x014E	0x01A0      	CLRF       __math_tempbD
;__Lib_MathDouble.c,807 :: 		
0x014F	0x0872      	MOVF       R2, 0
;__Lib_MathDouble.c,808 :: 		
0x0150	0x00F8      	MOVWF      R8
;__Lib_MathDouble.c,809 :: 		
0x0151	0x0871      	MOVF       R1, 0
;__Lib_MathDouble.c,810 :: 		
0x0152	0x00FC      	MOVWF      R12
;__Lib_MathDouble.c,811 :: 		
0x0153	0x0870      	MOVF       R0, 0
;__Lib_MathDouble.c,812 :: 		
0x0154	0x00FD      	MOVWF      R13
;__Lib_MathDouble.c,814 :: 		
0x0155	0x0874      	MOVF       R4, 0
;__Lib_MathDouble.c,815 :: 		
0x0156	0x02FD      	SUBWF      R13, 1
;__Lib_MathDouble.c,816 :: 		
0x0157	0x0875      	MOVF       R5, 0
;__Lib_MathDouble.c,817 :: 		
0x0158	0x1C03      	BTFSS      STATUS, 0
;__Lib_MathDouble.c,818 :: 		
0x0159	0x0F75      	INCFSZ     R5, 0
;__Lib_MathDouble.c,820 :: 		
0x015A	0x02FC      	SUBWF      R12, 1
;__Lib_MathDouble.c,821 :: 		
0x015B	0x0876      	MOVF       R6, 0
;__Lib_MathDouble.c,822 :: 		
0x015C	0x1C03      	BTFSS      STATUS, 0
;__Lib_MathDouble.c,823 :: 		
0x015D	0x0F76      	INCFSZ     R6, 0
;__Lib_MathDouble.c,825 :: 		
0x015E	0x02F8      	SUBWF      R8, 1
;__Lib_MathDouble.c,826 :: 		
0x015F	0x01F8      	CLRF       R8
;__Lib_MathDouble.c,827 :: 		
0x0160	0x01FC      	CLRF       R12
;__Lib_MathDouble.c,828 :: 		
0x0161	0x01FD      	CLRF       R13
;__Lib_MathDouble.c,829 :: 		
0x0162	0x1C03      	BTFSS      STATUS, 0
;__Lib_MathDouble.c,830 :: 		
0x0163	0x296B      	GOTO       DALIGN32OK
;__Lib_MathDouble.c,832 :: 		
0x0164	0x1003      	BCF        STATUS, 0
;__Lib_MathDouble.c,833 :: 		
0x0165	0x0CF2      	RRF        R2, 1
;__Lib_MathDouble.c,834 :: 		
0x0166	0x0CF1      	RRF        R1, 1
;__Lib_MathDouble.c,835 :: 		
0x0167	0x0CF0      	RRF        R0, 1
;__Lib_MathDouble.c,836 :: 		
0x0168	0x0CF8      	RRF        R8, 1
;__Lib_MathDouble.c,837 :: 		
0x0169	0x3001      	MOVLW      1
;__Lib_MathDouble.c,838 :: 		
0x016A	0x00A0      	MOVWF      __math_tempbD
;__Lib_MathDouble.c,839 :: 		
DALIGN32OK:
;__Lib_MathDouble.c,840 :: 		
0x016B	0x0877      	MOVF       R7, 0
;__Lib_MathDouble.c,841 :: 		
0x016C	0x02F3      	SUBWF      R3, 1
;__Lib_MathDouble.c,842 :: 		
0x016D	0x1C03      	BTFSS      STATUS, 0
;__Lib_MathDouble.c,843 :: 		
0x016E	0x2975      	GOTO       ALTB32
;__Lib_MathDouble.c,845 :: 		
0x016F	0x307E      	MOVLW      126
;__Lib_MathDouble.c,846 :: 		
0x0170	0x0720      	ADDWF      __math_tempbD, 0
;__Lib_MathDouble.c,847 :: 		
0x0171	0x07F3      	ADDWF      R3, 1
;__Lib_MathDouble.c,848 :: 		
0x0172	0x1803      	BTFSC      STATUS, 0
;__Lib_MathDouble.c,849 :: 		
0x0173	0x29D5      	GOTO       JPDSETFOV32
;__Lib_MathDouble.c,850 :: 		
0x0174	0x297A      	GOTO       DARGOK32
;__Lib_MathDouble.c,851 :: 		
ALTB32:
;__Lib_MathDouble.c,852 :: 		
0x0175	0x307E      	MOVLW      126
;__Lib_MathDouble.c,853 :: 		
0x0176	0x0720      	ADDWF      __math_tempbD, 0
;__Lib_MathDouble.c,854 :: 		
0x0177	0x07F3      	ADDWF      R3, 1
;__Lib_MathDouble.c,855 :: 		
0x0178	0x1C03      	BTFSS      STATUS, 0
;__Lib_MathDouble.c,856 :: 		
0x0179	0x29D8      	GOTO       JPDSETFUN32
;__Lib_MathDouble.c,857 :: 		
DARGOK32:
;__Lib_MathDouble.c,858 :: 		
0x017A	0x3018      	MOVLW      24
;__Lib_MathDouble.c,860 :: 		
0x017B	0x07FA      	ADDWF      R10, 1
;__Lib_MathDouble.c,861 :: 		
DLOOP32:
;__Lib_MathDouble.c,862 :: 		
0x017C	0x0DFD      	RLF        R13, 1
;__Lib_MathDouble.c,863 :: 		
0x017D	0x0DFC      	RLF        R12, 1
;__Lib_MathDouble.c,864 :: 		
0x017E	0x0DF8      	RLF        R8, 1
;__Lib_MathDouble.c,865 :: 		
0x017F	0x0DF0      	RLF        R0, 1
;__Lib_MathDouble.c,866 :: 		
0x0180	0x0DF1      	RLF        R1, 1
;__Lib_MathDouble.c,867 :: 		
0x0181	0x0DF2      	RLF        R2, 1
;__Lib_MathDouble.c,868 :: 		
0x0182	0x0DA0      	RLF        __math_tempbD, 1
;__Lib_MathDouble.c,870 :: 		
0x0183	0x0874      	MOVF       R4, 0
;__Lib_MathDouble.c,871 :: 		
0x0184	0x02F0      	SUBWF      R0, 1
;__Lib_MathDouble.c,872 :: 		
0x0185	0x0875      	MOVF       R5, 0
;__Lib_MathDouble.c,873 :: 		
0x0186	0x1C03      	BTFSS      STATUS, 0
;__Lib_MathDouble.c,874 :: 		
0x0187	0x0F75      	INCFSZ     R5, 0
;__Lib_MathDouble.c,876 :: 		
0x0188	0x02F1      	SUBWF      R1, 1
;__Lib_MathDouble.c,877 :: 		
0x0189	0x0876      	MOVF       R6, 0
;__Lib_MathDouble.c,878 :: 		
0x018A	0x1C03      	BTFSS      STATUS, 0
;__Lib_MathDouble.c,879 :: 		
0x018B	0x0F76      	INCFSZ     R6, 0
;__Lib_MathDouble.c,881 :: 		
0x018C	0x02F2      	SUBWF      R2, 1
;__Lib_MathDouble.c,882 :: 		
0x018D	0x0D76      	RLF        R6, 0
;__Lib_MathDouble.c,883 :: 		
0x018E	0x04A0      	IORWF      __math_tempbD, 1
;__Lib_MathDouble.c,884 :: 		
0x018F	0x1C20      	BTFSS      __math_tempbD, 0
;__Lib_MathDouble.c,885 :: 		
0x0190	0x2993      	GOTO       DREST32
;__Lib_MathDouble.c,886 :: 		
0x0191	0x147D      	BSF        R13, 0
;__Lib_MathDouble.c,887 :: 		
0x0192	0x299E      	GOTO       DOK32
;__Lib_MathDouble.c,888 :: 		
DREST32:
;__Lib_MathDouble.c,889 :: 		
0x0193	0x0874      	MOVF       R4, 0
;__Lib_MathDouble.c,890 :: 		
0x0194	0x07F0      	ADDWF      R0, 1
;__Lib_MathDouble.c,891 :: 		
0x0195	0x0875      	MOVF       R5, 0
;__Lib_MathDouble.c,892 :: 		
0x0196	0x1803      	BTFSC      STATUS, 0
;__Lib_MathDouble.c,893 :: 		
0x0197	0x0F75      	INCFSZ     R5, 0
;__Lib_MathDouble.c,895 :: 		
0x0198	0x07F1      	ADDWF      R1, 1
;__Lib_MathDouble.c,896 :: 		
0x0199	0x0876      	MOVF       R6, 0
;__Lib_MathDouble.c,897 :: 		
0x019A	0x1803      	BTFSC      STATUS, 0
;__Lib_MathDouble.c,898 :: 		
0x019B	0x0A76      	INCF       R6, 0
;__Lib_MathDouble.c,899 :: 		
0x019C	0x07F2      	ADDWF      R2, 1
;__Lib_MathDouble.c,900 :: 		
0x019D	0x107D      	BCF        R13, 0
;__Lib_MathDouble.c,901 :: 		
DOK32:
;__Lib_MathDouble.c,903 :: 		
0x019E	0x03FA      	DECF       R10, 1
;__Lib_MathDouble.c,904 :: 		
0x019F	0x301F      	MOVLW      31
;__Lib_MathDouble.c,905 :: 		
0x01A0	0x057A      	ANDWF      R10, 0
;__Lib_MathDouble.c,906 :: 		
0x01A1	0x1D03      	BTFSS      STATUS, 2
;__Lib_MathDouble.c,907 :: 		
0x01A2	0x297C      	GOTO       DLOOP32
;__Lib_MathDouble.c,909 :: 		
0x01A3	0x1B7B      	BTFSC      R11, 6
;__Lib_MathDouble.c,910 :: 		
0x01A4	0x1C7D      	BTFSS      R13, 0
;__Lib_MathDouble.c,911 :: 		
0x01A5	0x29C5      	GOTO       DIV32OK
;__Lib_MathDouble.c,912 :: 		
0x01A6	0x1003      	BCF        STATUS, 0
;__Lib_MathDouble.c,913 :: 		
0x01A7	0x0DF0      	RLF        R0, 1
;__Lib_MathDouble.c,914 :: 		
0x01A8	0x0DF1      	RLF        R1, 1
;__Lib_MathDouble.c,915 :: 		
0x01A9	0x0DF2      	RLF        R2, 1
;__Lib_MathDouble.c,916 :: 		
0x01AA	0x0DA0      	RLF        __math_tempbD, 1
;__Lib_MathDouble.c,918 :: 		
0x01AB	0x0874      	MOVF       R4, 0
;__Lib_MathDouble.c,919 :: 		
0x01AC	0x02F0      	SUBWF      R0, 1
;__Lib_MathDouble.c,920 :: 		
0x01AD	0x0875      	MOVF       R5, 0
;__Lib_MathDouble.c,921 :: 		
0x01AE	0x1C03      	BTFSS      STATUS, 0
;__Lib_MathDouble.c,922 :: 		
0x01AF	0x0F75      	INCFSZ     R5, 0
;__Lib_MathDouble.c,923 :: 		
0x01B0	0x02F1      	SUBWF      R1, 1
;__Lib_MathDouble.c,924 :: 		
0x01B1	0x0876      	MOVF       R6, 0
;__Lib_MathDouble.c,925 :: 		
0x01B2	0x1C03      	BTFSS      STATUS, 0
;__Lib_MathDouble.c,926 :: 		
0x01B3	0x0F76      	INCFSZ     R6, 0
;__Lib_MathDouble.c,927 :: 		
0x01B4	0x02F2      	SUBWF      R2, 1
;__Lib_MathDouble.c,928 :: 		
0x01B5	0x0D76      	RLF        R6, 0
;__Lib_MathDouble.c,929 :: 		
0x01B6	0x0420      	IORWF      __math_tempbD, 0
;__Lib_MathDouble.c,930 :: 		
0x01B7	0x3901      	ANDLW      1
;__Lib_MathDouble.c,931 :: 		
0x01B8	0x07FD      	ADDWF      R13, 1
;__Lib_MathDouble.c,932 :: 		
0x01B9	0x1803      	BTFSC      STATUS, 0
;__Lib_MathDouble.c,933 :: 		
0x01BA	0x0AFC      	INCF       R12, 1
;__Lib_MathDouble.c,934 :: 		
0x01BB	0x1903      	BTFSC      STATUS, 2
;__Lib_MathDouble.c,935 :: 		
0x01BC	0x0AF8      	INCF       R8, 1
;__Lib_MathDouble.c,936 :: 		
0x01BD	0x1D03      	BTFSS      STATUS, 2
;__Lib_MathDouble.c,937 :: 		
0x01BE	0x29C5      	GOTO       DIV32OK
;__Lib_MathDouble.c,938 :: 		
0x01BF	0x0CF8      	RRF        R8, 1
;__Lib_MathDouble.c,939 :: 		
0x01C0	0x0CFC      	RRF        R12, 1
;__Lib_MathDouble.c,940 :: 		
0x01C1	0x0CFD      	RRF        R13, 1
;__Lib_MathDouble.c,941 :: 		
0x01C2	0x0AF3      	INCF       R3, 1
;__Lib_MathDouble.c,942 :: 		
0x01C3	0x1903      	BTFSC      STATUS, 2
;__Lib_MathDouble.c,943 :: 		
0x01C4	0x29D5      	GOTO       JPDSETFOV32
;__Lib_MathDouble.c,944 :: 		
DIV32OK:
;__Lib_MathDouble.c,945 :: 		
0x01C5	0x1FFA      	BTFSS      R10, 7
;__Lib_MathDouble.c,946 :: 		
0x01C6	0x13F8      	BCF        R8, 7
;__Lib_MathDouble.c,947 :: 		
0x01C7	0x0878      	MOVF       R8, 0
;__Lib_MathDouble.c,948 :: 		
0x01C8	0x00F2      	MOVWF      R2
;__Lib_MathDouble.c,949 :: 		
0x01C9	0x087C      	MOVF       R12, 0
;__Lib_MathDouble.c,950 :: 		
0x01CA	0x00F1      	MOVWF      R1
;__Lib_MathDouble.c,951 :: 		
0x01CB	0x087D      	MOVF       R13, 0
;__Lib_MathDouble.c,952 :: 		
0x01CC	0x00F0      	MOVWF      R0
;__Lib_MathDouble.c,954 :: 		
0x01CD	0x3000      	MOVLW      0
;__Lib_MathDouble.c,956 :: 		
0x01CE	0x29DA      	GOTO       DIV32EEE
;__Lib_MathDouble.c,957 :: 		
JPDSETFDZ32:
;__Lib_MathDouble.c,958 :: 		
0x01CF	0x3001      	MOVLW      1
;__Lib_MathDouble.c,961 :: 		
0x01D0	0x20AF      	CALL       _SETFDZ32
;__Lib_MathDouble.c,963 :: 		
0x01D1	0x29DA      	GOTO       DIV32EEE
;__Lib_MathDouble.c,964 :: 		
JPDRES032:
;__Lib_MathDouble.c,965 :: 		
0x01D2	0x3002      	MOVLW      2
;__Lib_MathDouble.c,968 :: 		
0x01D3	0x2098      	CALL       _RES032
;__Lib_MathDouble.c,970 :: 		
0x01D4	0x29DA      	GOTO       DIV32EEE
;__Lib_MathDouble.c,971 :: 		
JPDSETFOV32:
;__Lib_MathDouble.c,972 :: 		
0x01D5	0x3004      	MOVLW      4
;__Lib_MathDouble.c,975 :: 		
0x01D6	0x20EE      	CALL       _SETFOV32
;__Lib_MathDouble.c,977 :: 		
0x01D7	0x29DA      	GOTO       DIV32EEE
;__Lib_MathDouble.c,978 :: 		
JPDSETFUN32:
;__Lib_MathDouble.c,979 :: 		
0x01D8	0x3008      	MOVLW      8
;__Lib_MathDouble.c,982 :: 		
0x01D9	0x209F      	CALL       _SETFUN32
;__Lib_MathDouble.c,984 :: 		
DIV32EEE:
;__Lib_MathDouble.c,985 :: 		
0x01DA	0x0000      	NOP
;__Lib_MathDouble.c,994 :: 		
L_end_Div_32x32_FP:
0x01DB	0x0008      	RETURN
; end of _Div_32x32_FP
_Div_16X16_U:
;__Lib_Math.c,215 :: 		
;__Lib_Math.c,222 :: 		
0x01DC	0x1283      	BCF        STATUS, 5
;__Lib_Math.c,223 :: 		
0x01DD	0x1303      	BCF        STATUS, 6
;__Lib_Math.c,224 :: 		
0x01DE	0x01F8      	CLRF       R8
;__Lib_Math.c,225 :: 		
0x01DF	0x01F9      	CLRF       R9
;__Lib_Math.c,226 :: 		
0x01E0	0x3010      	MOVLW      16
;__Lib_Math.c,227 :: 		
0x01E1	0x00FC      	MOVWF      R12
;__Lib_Math.c,228 :: 		
0x01E2	0x0D71      	RLF        R1, 0
;__Lib_Math.c,229 :: 		
0x01E3	0x0DF8      	RLF        R8, 1
;__Lib_Math.c,230 :: 		
0x01E4	0x0DF9      	RLF        R9, 1
;__Lib_Math.c,231 :: 		
0x01E5	0x0874      	MOVF       R4, 0
;__Lib_Math.c,232 :: 		
0x01E6	0x02F8      	SUBWF      R8, 1
;__Lib_Math.c,233 :: 		
0x01E7	0x0875      	MOVF       R5, 0
;__Lib_Math.c,234 :: 		
0x01E8	0x1C03      	BTFSS      STATUS, 0
;__Lib_Math.c,235 :: 		
0x01E9	0x0F75      	INCFSZ     R5, 0
;__Lib_Math.c,236 :: 		
0x01EA	0x02F9      	SUBWF      R9, 1
;__Lib_Math.c,237 :: 		
0x01EB	0x1803      	BTFSC      STATUS, 0
;__Lib_Math.c,238 :: 		
0x01EC	0x29F4      	GOTO       $+8
;__Lib_Math.c,239 :: 		
0x01ED	0x0874      	MOVF       R4, 0
;__Lib_Math.c,240 :: 		
0x01EE	0x07F8      	ADDWF      R8, 1
;__Lib_Math.c,241 :: 		
0x01EF	0x0875      	MOVF       R5, 0
;__Lib_Math.c,242 :: 		
0x01F0	0x1803      	BTFSC      STATUS, 0
;__Lib_Math.c,243 :: 		
0x01F1	0x0F75      	INCFSZ     R5, 0
;__Lib_Math.c,244 :: 		
0x01F2	0x07F9      	ADDWF      R9, 1
;__Lib_Math.c,245 :: 		
0x01F3	0x1003      	BCF        STATUS, 0
;__Lib_Math.c,246 :: 		
0x01F4	0x0DF0      	RLF        R0, 1
;__Lib_Math.c,247 :: 		
0x01F5	0x0DF1      	RLF        R1, 1
;__Lib_Math.c,248 :: 		
0x01F6	0x0BFC      	DECFSZ     R12, 1
;__Lib_Math.c,249 :: 		
0x01F7	0x29E2      	GOTO       $-21
;__Lib_Math.c,251 :: 		
L_end_Div_16X16_U:
0x01F8	0x0008      	RETURN
; end of _Div_16X16_U
_Mul_16X16_U:
;__Lib_Math.c,136 :: 		
;__Lib_Math.c,143 :: 		
0x01F9	0x1283      	BCF        STATUS, 5
;__Lib_Math.c,144 :: 		
0x01FA	0x1303      	BCF        STATUS, 6
;__Lib_Math.c,145 :: 		
0x01FB	0x01FB      	CLRF       R11
;__Lib_Math.c,146 :: 		
0x01FC	0x01FA      	CLRF       R10
;__Lib_Math.c,147 :: 		
0x01FD	0x01F9      	CLRF       R9
;__Lib_Math.c,148 :: 		
0x01FE	0x3080      	MOVLW      128
;__Lib_Math.c,149 :: 		
0x01FF	0x00F8      	MOVWF      R8
;__Lib_Math.c,150 :: 		
0x0200	0x0CF1      	RRF        R1, 1
;__Lib_Math.c,151 :: 		
0x0201	0x0CF0      	RRF        R0, 1
;__Lib_Math.c,152 :: 		
0x0202	0x1C03      	BTFSS      STATUS, 0
;__Lib_Math.c,153 :: 		
0x0203	0x2A0D      	GOTO       $+10
;__Lib_Math.c,154 :: 		
0x0204	0x0874      	MOVF       R4, 0
;__Lib_Math.c,155 :: 		
0x0205	0x07F9      	ADDWF      R9, 1
;__Lib_Math.c,156 :: 		
0x0206	0x0875      	MOVF       R5, 0
;__Lib_Math.c,157 :: 		
0x0207	0x1803      	BTFSC      STATUS, 0
;__Lib_Math.c,158 :: 		
0x0208	0x0F75      	INCFSZ     R5, 0
;__Lib_Math.c,159 :: 		
0x0209	0x07FA      	ADDWF      R10, 1
;__Lib_Math.c,160 :: 		
0x020A	0x1803      	BTFSC      STATUS, 0
;__Lib_Math.c,161 :: 		
0x020B	0x0AFB      	INCF       R11, 1
;__Lib_Math.c,162 :: 		
0x020C	0x1003      	BCF        STATUS, 0
;__Lib_Math.c,163 :: 		
0x020D	0x1FF0      	BTFSS      R0, 7
;__Lib_Math.c,164 :: 		
0x020E	0x2A15      	GOTO       $+7
;__Lib_Math.c,165 :: 		
0x020F	0x0874      	MOVF       R4, 0
;__Lib_Math.c,166 :: 		
0x0210	0x07FA      	ADDWF      R10, 1
;__Lib_Math.c,167 :: 		
0x0211	0x0875      	MOVF       R5, 0
;__Lib_Math.c,168 :: 		
0x0212	0x1803      	BTFSC      STATUS, 0
;__Lib_Math.c,169 :: 		
0x0213	0x0F75      	INCFSZ     R5, 0
;__Lib_Math.c,170 :: 		
0x0214	0x07FB      	ADDWF      R11, 1
;__Lib_Math.c,171 :: 		
0x0215	0x0CFB      	RRF        R11, 1
;__Lib_Math.c,172 :: 		
0x0216	0x0CFA      	RRF        R10, 1
;__Lib_Math.c,173 :: 		
0x0217	0x0CF9      	RRF        R9, 1
;__Lib_Math.c,174 :: 		
0x0218	0x0CF8      	RRF        R8, 1
;__Lib_Math.c,175 :: 		
0x0219	0x1C03      	BTFSS      STATUS, 0
;__Lib_Math.c,176 :: 		
0x021A	0x2A00      	GOTO       $-26
;__Lib_Math.c,177 :: 		
0x021B	0x087B      	MOVF       R11, 0
;__Lib_Math.c,178 :: 		
0x021C	0x00F3      	MOVWF      R3
;__Lib_Math.c,179 :: 		
0x021D	0x087A      	MOVF       R10, 0
;__Lib_Math.c,180 :: 		
0x021E	0x00F2      	MOVWF      R2
;__Lib_Math.c,181 :: 		
0x021F	0x0879      	MOVF       R9, 0
;__Lib_Math.c,182 :: 		
0x0220	0x00F1      	MOVWF      R1
;__Lib_Math.c,183 :: 		
0x0221	0x0878      	MOVF       R8, 0
;__Lib_Math.c,184 :: 		
0x0222	0x00F0      	MOVWF      R0
;__Lib_Math.c,187 :: 		
L_end_Mul_16X16_U:
0x0223	0x0008      	RETURN
; end of _Mul_16X16_U
_double2word:
;__Lib_MathDouble.c,1529 :: 		
;__Lib_MathDouble.c,1536 :: 		
0x0224	0x1283      	BCF        STATUS, 5
;__Lib_MathDouble.c,1537 :: 		
0x0225	0x1303      	BCF        STATUS, 6
;__Lib_MathDouble.c,1539 :: 		
0x0226	0x01FB      	CLRF       R11
;__Lib_MathDouble.c,1540 :: 		
0x0227	0x01FC      	CLRF       R12
;__Lib_MathDouble.c,1541 :: 		
0x0228	0x01FA      	CLRF       R10
;__Lib_MathDouble.c,1543 :: 		
0x0229	0x0873      	MOVF       R3, 0
;__Lib_MathDouble.c,1544 :: 		
0x022A	0x1903      	BTFSC      STATUS, 2
;__Lib_MathDouble.c,1545 :: 		
0x022B	0x2A63      	GOTO       IRES016U
;__Lib_MathDouble.c,1547 :: 		
0x022C	0x17F2      	BSF        R2, 7
;__Lib_MathDouble.c,1549 :: 		
0x022D	0x308E      	MOVLW      142
;__Lib_MathDouble.c,1550 :: 		
0x022E	0x02F3      	SUBWF      R3, 1
;__Lib_MathDouble.c,1551 :: 		
0x022F	0x1BF3      	BTFSC      R3, 7
;__Lib_MathDouble.c,1552 :: 		
0x0230	0x2A34      	GOTO       SETEXP16U
;__Lib_MathDouble.c,1553 :: 		
0x0231	0x1903      	BTFSC      STATUS, 2
;__Lib_MathDouble.c,1554 :: 		
0x0232	0x2A34      	GOTO       SETEXP16U
;__Lib_MathDouble.c,1555 :: 		
0x0233	0x2A66      	GOTO       SETIOV16U
;__Lib_MathDouble.c,1556 :: 		
SETEXP16U:
;__Lib_MathDouble.c,1557 :: 		
0x0234	0x09F3      	COMF       R3, 1
;__Lib_MathDouble.c,1558 :: 		
0x0235	0x0AF3      	INCF       R3, 1
;__Lib_MathDouble.c,1560 :: 		
0x0236	0x3008      	MOVLW      8
;__Lib_MathDouble.c,1561 :: 		
0x0237	0x0273      	SUBWF      R3, 0
;__Lib_MathDouble.c,1562 :: 		
0x0238	0x1C03      	BTFSS      STATUS, 0
;__Lib_MathDouble.c,1563 :: 		
0x0239	0x2A49      	GOTO       TSHIFT3216U
;__Lib_MathDouble.c,1564 :: 		
0x023A	0x00F3      	MOVWF      R3
;__Lib_MathDouble.c,1565 :: 		
0x023B	0x0DF1      	RLF        R1, 1
;__Lib_MathDouble.c,1566 :: 		
0x023C	0x0872      	MOVF       R2, 0
;__Lib_MathDouble.c,1567 :: 		
0x023D	0x00F1      	MOVWF      R1
;__Lib_MathDouble.c,1568 :: 		
0x023E	0x01F2      	CLRF       R2
;__Lib_MathDouble.c,1570 :: 		
0x023F	0x3008      	MOVLW      8
;__Lib_MathDouble.c,1571 :: 		
0x0240	0x0273      	SUBWF      R3, 0
;__Lib_MathDouble.c,1572 :: 		
0x0241	0x1C03      	BTFSS      STATUS, 0
;__Lib_MathDouble.c,1573 :: 		
0x0242	0x2A49      	GOTO       TSHIFT3216U
;__Lib_MathDouble.c,1574 :: 		
0x0243	0x0DF1      	RLF        R1, 1
;__Lib_MathDouble.c,1575 :: 		
0x0244	0x01F1      	CLRF       R1
;__Lib_MathDouble.c,1577 :: 		
0x0245	0x0873      	MOVF       R3, 0
;__Lib_MathDouble.c,1578 :: 		
0x0246	0x1D03      	BTFSS      STATUS, 2
;__Lib_MathDouble.c,1579 :: 		
0x0247	0x1003      	BCF        STATUS, 0
;__Lib_MathDouble.c,1580 :: 		
0x0248	0x2A51      	GOTO       SHIFT3216UOK
;__Lib_MathDouble.c,1581 :: 		
TSHIFT3216U:
;__Lib_MathDouble.c,1582 :: 		
0x0249	0x0873      	MOVF       R3, 0
;__Lib_MathDouble.c,1583 :: 		
0x024A	0x1903      	BTFSC      STATUS, 2
;__Lib_MathDouble.c,1584 :: 		
0x024B	0x2A51      	GOTO       SHIFT3216UOK
;__Lib_MathDouble.c,1585 :: 		
SHIFT3216U:
;__Lib_MathDouble.c,1586 :: 		
0x024C	0x1003      	BCF        STATUS, 0
;__Lib_MathDouble.c,1587 :: 		
0x024D	0x0CF2      	RRF        R2, 1
;__Lib_MathDouble.c,1588 :: 		
0x024E	0x0CF1      	RRF        R1, 1
;__Lib_MathDouble.c,1589 :: 		
0x024F	0x0BF3      	DECFSZ     R3, 1
;__Lib_MathDouble.c,1590 :: 		
0x0250	0x2A4C      	GOTO       SHIFT3216U
;__Lib_MathDouble.c,1591 :: 		
SHIFT3216UOK:
;__Lib_MathDouble.c,1592 :: 		
0x0251	0x1B7B      	BTFSC      R11, 6
;__Lib_MathDouble.c,1593 :: 		
0x0252	0x1C71      	BTFSS      R1, 0
;__Lib_MathDouble.c,1594 :: 		
0x0253	0x2A5B      	GOTO       INT3216UOK
;__Lib_MathDouble.c,1595 :: 		
0x0254	0x1C03      	BTFSS      STATUS, 0
;__Lib_MathDouble.c,1596 :: 		
0x0255	0x2A5B      	GOTO       INT3216UOK
;__Lib_MathDouble.c,1597 :: 		
0x0256	0x0AF1      	INCF       R1, 1
;__Lib_MathDouble.c,1598 :: 		
0x0257	0x1903      	BTFSC      STATUS, 2
;__Lib_MathDouble.c,1599 :: 		
0x0258	0x0AF2      	INCF       R2, 1
;__Lib_MathDouble.c,1600 :: 		
0x0259	0x1BF2      	BTFSC      R2, 7
;__Lib_MathDouble.c,1601 :: 		
0x025A	0x2A72      	GOTO       JPKSETIOV3224
;__Lib_MathDouble.c,1602 :: 		
INT3216UOK:
;__Lib_MathDouble.c,1603 :: 		
0x025B	0x1FFA      	BTFSS      R10, 7
;__Lib_MathDouble.c,1604 :: 		
0x025C	0x2A75      	GOTO       INT3216UEOK
;__Lib_MathDouble.c,1606 :: 		
0x025D	0x09F2      	COMF       R2, 1
;__Lib_MathDouble.c,1607 :: 		
0x025E	0x09F1      	COMF       R1, 1
;__Lib_MathDouble.c,1608 :: 		
0x025F	0x0AF1      	INCF       R1, 1
;__Lib_MathDouble.c,1609 :: 		
0x0260	0x1903      	BTFSC      STATUS, 2
;__Lib_MathDouble.c,1610 :: 		
0x0261	0x0AF2      	INCF       R2, 1
;__Lib_MathDouble.c,1611 :: 		
0x0262	0x2A75      	GOTO       INT3216UEOK
;__Lib_MathDouble.c,1613 :: 		
IRES016U:
;__Lib_MathDouble.c,1614 :: 		
0x0263	0x01F2      	CLRF       R2
;__Lib_MathDouble.c,1615 :: 		
0x0264	0x01F1      	CLRF       R1
;__Lib_MathDouble.c,1616 :: 		
0x0265	0x2A75      	GOTO       INT3216UEOK
;__Lib_MathDouble.c,1617 :: 		
SETIOV16U:
;__Lib_MathDouble.c,1618 :: 		
0x0266	0x147B      	BSF        R11, 0
;__Lib_MathDouble.c,1619 :: 		
0x0267	0x1FFB      	BTFSS      R11, 7
;__Lib_MathDouble.c,1620 :: 		
0x0268	0x2A78      	GOTO       INT3216UEER
;__Lib_MathDouble.c,1622 :: 		
0x0269	0x01F2      	CLRF       R2
;__Lib_MathDouble.c,1623 :: 		
0x026A	0x1FFA      	BTFSS      R10, 7
;__Lib_MathDouble.c,1624 :: 		
0x026B	0x2A78      	GOTO       INT3216UEER
;__Lib_MathDouble.c,1625 :: 		
0x026C	0x30FF      	MOVLW      255
;__Lib_MathDouble.c,1626 :: 		
0x026D	0x00F2      	MOVWF      R2
;__Lib_MathDouble.c,1627 :: 		
0x026E	0x00F1      	MOVWF      R1
;__Lib_MathDouble.c,1628 :: 		
0x026F	0x0DFA      	RLF        R10, 1
;__Lib_MathDouble.c,1629 :: 		
0x0270	0x0CF2      	RRF        R2, 1
;__Lib_MathDouble.c,1630 :: 		
0x0271	0x2A78      	GOTO       INT3216UEER
;__Lib_MathDouble.c,1632 :: 		
JPKSETIOV3224:
;__Lib_MathDouble.c,1633 :: 		
0x0272	0x3001      	MOVLW      1
;__Lib_MathDouble.c,1634 :: 		
0x0273	0x00FC      	MOVWF      R12
;__Lib_MathDouble.c,1635 :: 		
0x0274	0x2A7A      	GOTO       INT3216UEEE
;__Lib_MathDouble.c,1636 :: 		
INT3216UEOK:
;__Lib_MathDouble.c,1637 :: 		
0x0275	0x3000      	MOVLW      0
;__Lib_MathDouble.c,1638 :: 		
0x0276	0x00FC      	MOVWF      R12
;__Lib_MathDouble.c,1639 :: 		
0x0277	0x2A7A      	GOTO       INT3216UEEE
;__Lib_MathDouble.c,1640 :: 		
INT3216UEER:
;__Lib_MathDouble.c,1641 :: 		
0x0278	0x30FF      	MOVLW      255
;__Lib_MathDouble.c,1642 :: 		
0x0279	0x00FC      	MOVWF      R12
;__Lib_MathDouble.c,1643 :: 		
INT3216UEEE:
;__Lib_MathDouble.c,1646 :: 		
0x027A	0x08FC      	MOVF       R12, 1
;__Lib_MathDouble.c,1648 :: 		
0x027B	0x1903      	BTFSC      STATUS, 2
;__Lib_MathDouble.c,1649 :: 		
0x027C	0x2A7E      	GOTO       L_Double2Word_0
;__Lib_MathDouble.c,1651 :: 		
0x027D	0x20B2      	CALL       _SETIOV3224
;__Lib_MathDouble.c,1653 :: 		
L_Double2Word_0:
;__Lib_MathDouble.c,1654 :: 		
0x027E	0x0871      	MOVF       R1, 0
;__Lib_MathDouble.c,1655 :: 		
0x027F	0x00F0      	MOVWF      R0
;__Lib_MathDouble.c,1656 :: 		
0x0280	0x0872      	MOVF       R2, 0
;__Lib_MathDouble.c,1657 :: 		
0x0281	0x00F1      	MOVWF      R1
;__Lib_MathDouble.c,1660 :: 		
L_end_double2word:
0x0282	0x0008      	RETURN
; end of _double2word
_Rotation0:
;MyProject.c,239 :: 		void Rotation0() // 0 Degree
;MyProject.c,242 :: 		for (i = 0; i < 50; i++)
0x0283	0x1283      	BCF        STATUS, 5
0x0284	0x1303      	BCF        STATUS, 6
0x0285	0x01F1      	CLRF       R1
0x0286	0x01F2      	CLRF       R1+1
L_Rotation051:
0x0287	0x3000      	MOVLW      0
0x0288	0x0272      	SUBWF      R1+1, 0
0x0289	0x1D03      	BTFSS      STATUS, 2
0x028A	0x2A8D      	GOTO       L__Rotation075
0x028B	0x3032      	MOVLW      50
0x028C	0x0271      	SUBWF      R1, 0
L__Rotation075:
0x028D	0x1803      	BTFSC      STATUS, 0
0x028E	0x2AA8      	GOTO       L_Rotation052
;MyProject.c,244 :: 		PORTA = PORTA | 0x04;
0x028F	0x1505      	BSF        PORTA, 2
;MyProject.c,245 :: 		delay_us (600); // pulse of 800us // pulse of 800us
0x0290	0x3002      	MOVLW      2
0x0291	0x00FC      	MOVWF      R12
0x0292	0x308D      	MOVLW      141
0x0293	0x00FD      	MOVWF      R13
L_Rotation054:
0x0294	0x0BFD      	DECFSZ     R13, 1
0x0295	0x2A94      	GOTO       L_Rotation054
0x0296	0x0BFC      	DECFSZ     R12, 1
0x0297	0x2A94      	GOTO       L_Rotation054
0x0298	0x0000      	NOP
0x0299	0x0000      	NOP
;MyProject.c,246 :: 		PORTA = PORTA & 0xFB;
0x029A	0x30FB      	MOVLW      251
0x029B	0x0585      	ANDWF      PORTA, 1
;MyProject.c,247 :: 		delay_ms(24);
0x029C	0x303F      	MOVLW      63
0x029D	0x00FC      	MOVWF      R12
0x029E	0x3055      	MOVLW      85
0x029F	0x00FD      	MOVWF      R13
L_Rotation055:
0x02A0	0x0BFD      	DECFSZ     R13, 1
0x02A1	0x2AA0      	GOTO       L_Rotation055
0x02A2	0x0BFC      	DECFSZ     R12, 1
0x02A3	0x2AA0      	GOTO       L_Rotation055
;MyProject.c,242 :: 		for (i = 0; i < 50; i++)
0x02A4	0x0AF1      	INCF       R1, 1
0x02A5	0x1903      	BTFSC      STATUS, 2
0x02A6	0x0AF2      	INCF       R1+1, 1
;MyProject.c,248 :: 		}
0x02A7	0x2A87      	GOTO       L_Rotation051
L_Rotation052:
;MyProject.c,249 :: 		}
L_end_Rotation0:
0x02A8	0x0008      	RETURN
; end of _Rotation0
_msDelay:
;MyProject.c,151 :: 		void msDelay(unsigned int msCnt)
;MyProject.c,153 :: 		unsigned int ms=0;
0x02A9	0x1283      	BCF        STATUS, 5
0x02AA	0x1303      	BCF        STATUS, 6
0x02AB	0x01B1      	CLRF       msDelay_ms_L0
0x02AC	0x01B2      	CLRF       msDelay_ms_L0+1
0x02AD	0x01B3      	CLRF       msDelay_cc_L0
0x02AE	0x01B4      	CLRF       msDelay_cc_L0+1
;MyProject.c,155 :: 		for(ms=0;ms<(msCnt);ms++)
0x02AF	0x01B1      	CLRF       msDelay_ms_L0
0x02B0	0x01B2      	CLRF       msDelay_ms_L0+1
L_msDelay20:
0x02B1	0x0830      	MOVF       FARG_msDelay_msCnt+1, 0
0x02B2	0x0232      	SUBWF      msDelay_ms_L0+1, 0
0x02B3	0x1D03      	BTFSS      STATUS, 2
0x02B4	0x2AB7      	GOTO       L__msDelay62
0x02B5	0x082F      	MOVF       FARG_msDelay_msCnt, 0
0x02B6	0x0231      	SUBWF      msDelay_ms_L0, 0
L__msDelay62:
0x02B7	0x1803      	BTFSC      STATUS, 0
0x02B8	0x2ACB      	GOTO       L_msDelay21
;MyProject.c,157 :: 		for(cc=0;cc<155;cc++);//1ms
0x02B9	0x01B3      	CLRF       msDelay_cc_L0
0x02BA	0x01B4      	CLRF       msDelay_cc_L0+1
L_msDelay23:
0x02BB	0x3000      	MOVLW      0
0x02BC	0x0234      	SUBWF      msDelay_cc_L0+1, 0
0x02BD	0x1D03      	BTFSS      STATUS, 2
0x02BE	0x2AC1      	GOTO       L__msDelay63
0x02BF	0x309B      	MOVLW      155
0x02C0	0x0233      	SUBWF      msDelay_cc_L0, 0
L__msDelay63:
0x02C1	0x1803      	BTFSC      STATUS, 0
0x02C2	0x2AC7      	GOTO       L_msDelay24
0x02C3	0x0AB3      	INCF       msDelay_cc_L0, 1
0x02C4	0x1903      	BTFSC      STATUS, 2
0x02C5	0x0AB4      	INCF       msDelay_cc_L0+1, 1
0x02C6	0x2ABB      	GOTO       L_msDelay23
L_msDelay24:
;MyProject.c,155 :: 		for(ms=0;ms<(msCnt);ms++)
0x02C7	0x0AB1      	INCF       msDelay_ms_L0, 1
0x02C8	0x1903      	BTFSC      STATUS, 2
0x02C9	0x0AB2      	INCF       msDelay_ms_L0+1, 1
;MyProject.c,158 :: 		}
0x02CA	0x2AB1      	GOTO       L_msDelay20
L_msDelay21:
;MyProject.c,159 :: 		}
L_end_msDelay:
0x02CB	0x0008      	RETURN
; end of _msDelay
_____DoICP:
;__Lib_System.c,6 :: 		
;__Lib_System.c,9 :: 		
0x02CC	0x1283      	BCF        STATUS, 5
0x02CD	0x1303      	BCF        STATUS, 6
0x02CE	0x082B      	MOVF       ___DoICPAddr+1, 0
0x02CF	0x008A      	MOVWF      PCLATH
;__Lib_System.c,10 :: 		
0x02D0	0x082A      	MOVF       ___DoICPAddr, 0
0x02D1	0x0082      	MOVWF      PCL
;__Lib_System.c,12 :: 		
L_end_____DoICP:
0x02D2	0x0008      	RETURN
; end of _____DoICP
_Rotation90:
;MyProject.c,226 :: 		void Rotation90() // 90 Degree
;MyProject.c,230 :: 		for (i = 0; i < 50; i++)
0x02D3	0x1283      	BCF        STATUS, 5
0x02D4	0x1303      	BCF        STATUS, 6
0x02D5	0x01F1      	CLRF       R1
0x02D6	0x01F2      	CLRF       R1+1
L_Rotation9046:
0x02D7	0x3000      	MOVLW      0
0x02D8	0x0272      	SUBWF      R1+1, 0
0x02D9	0x1D03      	BTFSS      STATUS, 2
0x02DA	0x2ADD      	GOTO       L__Rotation9073
0x02DB	0x3032      	MOVLW      50
0x02DC	0x0271      	SUBWF      R1, 0
L__Rotation9073:
0x02DD	0x1803      	BTFSC      STATUS, 0
0x02DE	0x2AF7      	GOTO       L_Rotation9047
;MyProject.c,232 :: 		PORTA = PORTA | 0x04;
0x02DF	0x1505      	BSF        PORTA, 2
;MyProject.c,233 :: 		delay_us(1600); // pulse of 1100us (interpolated value)
0x02E0	0x3005      	MOVLW      5
0x02E1	0x00FC      	MOVWF      R12
0x02E2	0x3026      	MOVLW      38
0x02E3	0x00FD      	MOVWF      R13
L_Rotation9049:
0x02E4	0x0BFD      	DECFSZ     R13, 1
0x02E5	0x2AE4      	GOTO       L_Rotation9049
0x02E6	0x0BFC      	DECFSZ     R12, 1
0x02E7	0x2AE4      	GOTO       L_Rotation9049
0x02E8	0x0000      	NOP
;MyProject.c,234 :: 		PORTA = PORTA & 0xFB;
0x02E9	0x30FB      	MOVLW      251
0x02EA	0x0585      	ANDWF      PORTA, 1
;MyProject.c,235 :: 		delay_ms(24);
0x02EB	0x303F      	MOVLW      63
0x02EC	0x00FC      	MOVWF      R12
0x02ED	0x3055      	MOVLW      85
0x02EE	0x00FD      	MOVWF      R13
L_Rotation9050:
0x02EF	0x0BFD      	DECFSZ     R13, 1
0x02F0	0x2AEF      	GOTO       L_Rotation9050
0x02F1	0x0BFC      	DECFSZ     R12, 1
0x02F2	0x2AEF      	GOTO       L_Rotation9050
;MyProject.c,230 :: 		for (i = 0; i < 50; i++)
0x02F3	0x0AF1      	INCF       R1, 1
0x02F4	0x1903      	BTFSC      STATUS, 2
0x02F5	0x0AF2      	INCF       R1+1, 1
;MyProject.c,236 :: 		}
0x02F6	0x2AD7      	GOTO       L_Rotation9046
L_Rotation9047:
;MyProject.c,237 :: 		}
L_end_Rotation90:
0x02F7	0x0008      	RETURN
; end of _Rotation90
_read_temp:
;MyProject.c,113 :: 		unsigned int read_temp(void){
;MyProject.c,115 :: 		ADCON0 = ADCON0 | 0x04;
0x02F8	0x1283      	BCF        STATUS, 5
0x02F9	0x1303      	BCF        STATUS, 6
0x02FA	0x151F      	BSF        ADCON0, 2
;MyProject.c,116 :: 		while( ADCON0 & 0x04);
L_read_temp16:
0x02FB	0x1D1F      	BTFSS      ADCON0, 2
0x02FC	0x2AFE      	GOTO       L_read_temp17
0x02FD	0x2AFB      	GOTO       L_read_temp16
L_read_temp17:
;MyProject.c,117 :: 		read=(ADRESH<<8)| ADRESL;
0x02FE	0x081E      	MOVF       ADRESH, 0
0x02FF	0x00F1      	MOVWF      R0+1
0x0300	0x01F0      	CLRF       R0
0x0301	0x1683      	BSF        STATUS, 5
0x0302	0x081E      	MOVF       ADRESL, 0
0x0303	0x04F0      	IORWF      R0, 1
0x0304	0x3000      	MOVLW      0
0x0305	0x04F1      	IORWF      R0+1, 1
;MyProject.c,118 :: 		return (read*500)/1023;
0x0306	0x30F4      	MOVLW      244
0x0307	0x00F4      	MOVWF      R4
0x0308	0x3001      	MOVLW      1
0x0309	0x00F5      	MOVWF      R4+1
0x030A	0x21F9      	CALL       _Mul_16X16_U
0x030B	0x30FF      	MOVLW      255
0x030C	0x00F4      	MOVWF      R4
0x030D	0x3003      	MOVLW      3
0x030E	0x00F5      	MOVWF      R4+1
0x030F	0x21DC      	CALL       _Div_16X16_U
;MyProject.c,119 :: 		}
L_end_read_temp:
0x0310	0x0008      	RETURN
; end of _read_temp
_ultrasonic:
;MyProject.c,175 :: 		void ultrasonic(void){
;MyProject.c,176 :: 		unsigned int Echo = 0;
;MyProject.c,177 :: 		unsigned int Distance = 0;
;MyProject.c,178 :: 		TMR1H=0;
0x0311	0x1283      	BCF        STATUS, 5
0x0312	0x1303      	BCF        STATUS, 6
0x0313	0x018F      	CLRF       TMR1H
;MyProject.c,179 :: 		TMR1L=0;
0x0314	0x018E      	CLRF       TMR1L
;MyProject.c,180 :: 		PORTB=PORTB|0X20;
0x0315	0x1686      	BSF        PORTB, 5
;MyProject.c,181 :: 		usDelay(10);
0x0316	0x300A      	MOVLW      10
0x0317	0x00AF      	MOVWF      FARG_usDelay_usCnt
0x0318	0x3000      	MOVLW      0
0x0319	0x00B0      	MOVWF      FARG_usDelay_usCnt+1
0x031A	0x2110      	CALL       _usDelay
;MyProject.c,182 :: 		PORTB=PORTB&0XDF;
0x031B	0x30DF      	MOVLW      223
0x031C	0x0586      	ANDWF      PORTB, 1
;MyProject.c,183 :: 		while(!(PORTB&0X40));
L_ultrasonic29:
0x031D	0x1B06      	BTFSC      PORTB, 6
0x031E	0x2B20      	GOTO       L_ultrasonic30
0x031F	0x2B1D      	GOTO       L_ultrasonic29
L_ultrasonic30:
;MyProject.c,184 :: 		T1CON = T1CON | 0X01;
0x0320	0x1410      	BSF        T1CON, 0
;MyProject.c,185 :: 		while(PORTB&0X40);
L_ultrasonic31:
0x0321	0x1F06      	BTFSS      PORTB, 6
0x0322	0x2B24      	GOTO       L_ultrasonic32
0x0323	0x2B21      	GOTO       L_ultrasonic31
L_ultrasonic32:
;MyProject.c,186 :: 		T1CON = T1CON & 0xFE; // TIMER OFF
0x0324	0x30FE      	MOVLW      254
0x0325	0x0590      	ANDWF      T1CON, 1
;MyProject.c,187 :: 		Echo = (TMR1L | (TMR1H<<8)); // Reads Timer Value
0x0326	0x080F      	MOVF       TMR1H, 0
0x0327	0x00F1      	MOVWF      R0+1
0x0328	0x01F0      	CLRF       R0
0x0329	0x080E      	MOVF       TMR1L, 0
0x032A	0x04F0      	IORWF      R0, 1
0x032B	0x3000      	MOVLW      0
0x032C	0x04F1      	IORWF      R0+1, 1
;MyProject.c,188 :: 		Distance = Echo/58.82; // Converts Time to Distance
0x032D	0x20FA      	CALL       _word2double
0x032E	0x30AE      	MOVLW      174
0x032F	0x00F4      	MOVWF      R4
0x0330	0x3047      	MOVLW      71
0x0331	0x00F5      	MOVWF      R4+1
0x0332	0x306B      	MOVLW      107
0x0333	0x00F6      	MOVWF      R4+2
0x0334	0x3084      	MOVLW      132
0x0335	0x00F7      	MOVWF      R4+3
0x0336	0x2125      	CALL       _Div_32x32_FP
0x0337	0x2224      	CALL       _double2word
;MyProject.c,191 :: 		if(Distance <= 35)
0x0338	0x0871      	MOVF       R0+1, 0
0x0339	0x3C00      	SUBLW      0
0x033A	0x1D03      	BTFSS      STATUS, 2
0x033B	0x2B3E      	GOTO       L__ultrasonic67
0x033C	0x0870      	MOVF       R0, 0
0x033D	0x3C23      	SUBLW      35
L__ultrasonic67:
0x033E	0x1C03      	BTFSS      STATUS, 0
0x033F	0x2B47      	GOTO       L_ultrasonic33
;MyProject.c,193 :: 		Rotation90();
0x0340	0x22D3      	CALL       _Rotation90
;MyProject.c,194 :: 		msDelay(1000);
0x0341	0x30E8      	MOVLW      232
0x0342	0x00AF      	MOVWF      FARG_msDelay_msCnt
0x0343	0x3003      	MOVLW      3
0x0344	0x00B0      	MOVWF      FARG_msDelay_msCnt+1
0x0345	0x22A9      	CALL       _msDelay
;MyProject.c,196 :: 		}
0x0346	0x2B4D      	GOTO       L_ultrasonic34
L_ultrasonic33:
;MyProject.c,199 :: 		Rotation0();
0x0347	0x2283      	CALL       _Rotation0
;MyProject.c,200 :: 		msDelay(1000);
0x0348	0x30E8      	MOVLW      232
0x0349	0x00AF      	MOVWF      FARG_msDelay_msCnt
0x034A	0x3003      	MOVLW      3
0x034B	0x00B0      	MOVWF      FARG_msDelay_msCnt+1
0x034C	0x22A9      	CALL       _msDelay
;MyProject.c,202 :: 		}
L_ultrasonic34:
;MyProject.c,203 :: 		}
L_end_ultrasonic:
0x034D	0x0008      	RETURN
; end of _ultrasonic
___CC2DW:
;__Lib_System.c,134 :: 		
;__Lib_System.c,137 :: 		
_CC2D_Loop1:
;__Lib_System.c,139 :: 		
0x034E	0x22CC      	CALL       _____DoICP
0x034F	0x118A      	BCF        PCLATH, 3
0x0350	0x120A      	BCF        PCLATH, 4
;__Lib_System.c,141 :: 		
0x0351	0x0080      	MOVWF      INDF
;__Lib_System.c,142 :: 		
0x0352	0x0A84      	INCF       FSR, 1
;__Lib_System.c,143 :: 		
0x0353	0x0AAA      	INCF       ___DoICPAddr, 1
;__Lib_System.c,145 :: 		
0x0354	0x1903      	BTFSC      STATUS, 2
;__Lib_System.c,146 :: 		
0x0355	0x0AAB      	INCF       ___DoICPAddr+1, 1
;__Lib_System.c,147 :: 		
0x0356	0x03F0      	DECF       R0, 1
;__Lib_System.c,149 :: 		
0x0357	0x1D03      	BTFSS      STATUS, 2
;__Lib_System.c,150 :: 		
0x0358	0x2B4E      	GOTO       _CC2D_Loop1
;__Lib_System.c,152 :: 		
L_end___CC2DW:
0x0359	0x0008      	RETURN
; end of ___CC2DW
_ADC_init:
;MyProject.c,108 :: 		void ADC_init(void){
;MyProject.c,109 :: 		ADCON1=0xCE;
0x035A	0x30CE      	MOVLW      206
0x035B	0x1683      	BSF        STATUS, 5
0x035C	0x1303      	BCF        STATUS, 6
0x035D	0x009F      	MOVWF      ADCON1
;MyProject.c,110 :: 		ADCON0= 0x41;
0x035E	0x3041      	MOVLW      65
0x035F	0x1283      	BCF        STATUS, 5
0x0360	0x009F      	MOVWF      ADCON0
;MyProject.c,111 :: 		}
L_end_ADC_init:
0x0361	0x0008      	RETURN
; end of _ADC_init
_main:
0x0362	0x3001      	MOVLW      1
0x0363	0x1283      	BCF        STATUS, 5
0x0364	0x1303      	BCF        STATUS, 6
0x0365	0x00A3      	MOVWF      _bit_4
0x0366	0x3001      	MOVLW      1
0x0367	0x00A4      	MOVWF      _bit_3
0x0368	0x3001      	MOVLW      1
0x0369	0x00A5      	MOVWF      _bit_0
0x036A	0x3001      	MOVLW      1
0x036B	0x00A6      	MOVWF      _bit_2
0x036C	0x3001      	MOVLW      1
0x036D	0x00A7      	MOVWF      _bit_1
0x036E	0x01A8      	CLRF       _Dcntr
0x036F	0x01A9      	CLRF       41
;MyProject.c,124 :: 		void main()
;MyProject.c,126 :: 		TRISA=0XFB;
0x0370	0x30FB      	MOVLW      251
0x0371	0x1683      	BSF        STATUS, 5
0x0372	0x0085      	MOVWF      TRISA
;MyProject.c,127 :: 		TRISB=0X5F;
0x0373	0x305F      	MOVLW      95
0x0374	0x0086      	MOVWF      TRISB
;MyProject.c,128 :: 		TRISD=0X00;
0x0375	0x0188      	CLRF       TRISD
;MyProject.c,129 :: 		TRISC=0X00;
0x0376	0x0187      	CLRF       TRISC
;MyProject.c,130 :: 		PORTB=0X00;
0x0377	0x1283      	BCF        STATUS, 5
0x0378	0x0186      	CLRF       PORTB
;MyProject.c,131 :: 		PORTA=0X00;
0x0379	0x0185      	CLRF       PORTA
;MyProject.c,132 :: 		PORTC=0X00;
0x037A	0x0187      	CLRF       PORTC
;MyProject.c,133 :: 		PORTD=0X00;
0x037B	0x0188      	CLRF       PORTD
;MyProject.c,134 :: 		TMR0=248;
0x037C	0x30F8      	MOVLW      248
0x037D	0x0081      	MOVWF      TMR0
;MyProject.c,135 :: 		OPTION_REG = 0x07;
0x037E	0x3007      	MOVLW      7
0x037F	0x1683      	BSF        STATUS, 5
0x0380	0x0081      	MOVWF      OPTION_REG
;MyProject.c,136 :: 		INTCON=0xA0;
0x0381	0x30A0      	MOVLW      160
0x0382	0x008B      	MOVWF      INTCON
;MyProject.c,137 :: 		T1CON = 0x10;
0x0383	0x3010      	MOVLW      16
0x0384	0x1283      	BCF        STATUS, 5
0x0385	0x0090      	MOVWF      T1CON
;MyProject.c,138 :: 		msDelay(20);
0x0386	0x3014      	MOVLW      20
0x0387	0x00AF      	MOVWF      FARG_msDelay_msCnt
0x0388	0x3000      	MOVLW      0
0x0389	0x00B0      	MOVWF      FARG_msDelay_msCnt+1
0x038A	0x22A9      	CALL       _msDelay
;MyProject.c,139 :: 		ADC_init();
0x038B	0x235A      	CALL       _ADC_init
;MyProject.c,140 :: 		while(1)
L_main18:
;MyProject.c,142 :: 		ultrasonic();
0x038C	0x2311      	CALL       _ultrasonic
;MyProject.c,143 :: 		temp = read_temp();
0x038D	0x22F8      	CALL       _read_temp
0x038E	0x0870      	MOVF       R0, 0
0x038F	0x00AC      	MOVWF      _temp
;MyProject.c,144 :: 		temp = temp + 1;
0x0390	0x0A70      	INCF       R0, 0
0x0391	0x00AC      	MOVWF      _temp
;MyProject.c,145 :: 		msDelay(300);
0x0392	0x302C      	MOVLW      44
0x0393	0x00AF      	MOVWF      FARG_msDelay_msCnt
0x0394	0x3001      	MOVLW      1
0x0395	0x00B0      	MOVWF      FARG_msDelay_msCnt+1
0x0396	0x22A9      	CALL       _msDelay
;MyProject.c,146 :: 		}
0x0397	0x2B8C      	GOTO       L_main18
;MyProject.c,147 :: 		}
L_end_main:
0x0398	0x2B98      	GOTO       $+0
; end of _main
Symbol List:
//** Routines locations **
//ADDRESS    SIZE    PROCEDURE
//----------------------------------------------
0x0004     [148]    _interrupt
0x0098       [7]    _RES032
0x009F      [12]    _SETFUN32
0x00AB       [4]    _FIXSIGN32
0x00AF       [3]    _SETFDZ32
0x00B2      [13]    _SETIOV3224
0x00BF      [47]    _NRM3232
0x00EE      [12]    _SETFOV32
0x00FA      [22]    _word2double
0x0110      [21]    _usDelay
0x0125     [183]    _Div_32x32_FP
0x01DC      [29]    _Div_16X16_U
0x01F9      [43]    _Mul_16X16_U
0x0224      [95]    _double2word
0x0283      [38]    _Rotation0
0x02A9      [35]    _msDelay
0x02CC       [7]    _____DoICP
0x02D3      [37]    _Rotation90
0x02F8      [25]    _read_temp
0x0311      [61]    _ultrasonic
0x034E      [12]    ___CC2DW
0x035A       [8]    _ADC_init
0x0362      [55]    _main
//** Variables locations ** 
//ADDRESS    SIZE    VARIABLE
//----------------------------------------------
0x0000       [1]    INDF
0x0001       [1]    TMR0
0x0002       [1]    PCL
0x0003       [1]    STATUS
0x0004       [1]    FSR
0x0005       [1]    PORTA
0x0006       [1]    PORTB
0x0007       [1]    PORTC
0x0008       [1]    PORTD
0x000A       [1]    PCLATH
0x000B       [1]    INTCON
0x000E       [1]    TMR1L
0x000F       [1]    TMR1H
0x0010       [1]    T1CON
0x001E       [1]    ADRESH
0x001F       [1]    ADCON0
0x0020       [1]    __math_tempbD
0x0023       [1]    _bit_4
0x0024       [1]    _bit_3
0x0025       [1]    _bit_0
0x0026       [1]    _bit_2
0x0027       [1]    _bit_1
0x0028       [2]    _Dcntr
0x002A       [2]    ___DoICPAddr
0x002C       [1]    _temp
0x002D       [1]    ___savePCLATH
0x002E       [1]    ___saveSTATUS
0x002F       [2]    FARG_usDelay_usCnt
0x002F       [2]    FARG_msDelay_msCnt
0x0031       [2]    usDelay_us_L0
0x0031       [2]    msDelay_ms_L0
0x0033       [2]    msDelay_cc_L0
0x0070       [1]    R0
0x0071       [1]    R1
0x0072       [1]    R2
0x0073       [1]    R3
0x0074       [1]    R4
0x0075       [1]    R5
0x0076       [1]    R6
0x0077       [1]    R7
0x0078       [1]    R8
0x0079       [1]    R9
0x007A       [1]    R10
0x007B       [1]    R11
0x007C       [1]    R12
0x007D       [1]    R13
0x007E       [1]    R14
0x007F       [1]    R15
0x0081       [1]    OPTION_REG
0x0085       [1]    TRISA
0x0086       [1]    TRISB
0x0087       [1]    TRISC
0x0088       [1]    TRISD
0x009E       [1]    ADRESL
0x009F       [1]    ADCON1
